<?xml version="1.0" encoding="UTF-8"?>
<testng-results skipped="0" failed="0" ignored="0" total="1" passed="1">
  <reporter-output>
  </reporter-output>
  <suite name="Suite" duration-ms="54" started-at="2019-04-03T15:50:30Z" finished-at="2019-04-03T15:50:30Z">
    <groups>
    </groups>
    <test name="Test" duration-ms="54" started-at="2019-04-03T15:50:30Z" finished-at="2019-04-03T15:50:30Z">
      <class name="com.canada.MyfristScript">
        <test-method status="PASS" signature="createUser()[pri:0, instance:com.canada.MyfristScript@5d5eef3d]" name="createUser" duration-ms="21" started-at="2019-04-03T21:20:30Z" finished-at="2019-04-03T21:20:30Z">
          <reporter-output>
          </reporter-output>
        </test-method> <!-- createUser -->
      </class> <!-- com.canada.MyfristScript -->
    </test> <!-- Test -->
  </suite> <!-- Suite -->
</testng-results>
